<?xml version="1.0" encoding="UTF-8"?>
<coverage generated="1689106484026" clover="3.2.0">
  <project timestamp="1689106484026" name="All files">
    <metrics statements="82" coveredstatements="81" conditionals="41" coveredconditionals="39" methods="16" coveredmethods="16" elements="139" coveredelements="136" complexity="0" loc="82" ncloc="82" packages="2" files="6" classes="6"/>
    <package name="src">
      <metrics statements="30" coveredstatements="30" conditionals="16" coveredconditionals="16" methods="4" coveredmethods="4"/>
      <file name="diffObjectGenerate.js" path="/Users/ilysalan/Desktop/backend-project-46/src/diffObjectGenerate.js">
        <metrics statements="15" coveredstatements="15" conditionals="10" coveredconditionals="10" methods="2" coveredmethods="2"/>
        <line num="3" count="1" type="stmt"/>
        <line num="4" count="20" type="stmt"/>
        <line num="5" count="20" type="stmt"/>
        <line num="6" count="20" type="stmt"/>
        <line num="8" count="20" type="stmt"/>
        <line num="9" count="72" type="cond" truecount="2" falsecount="0"/>
        <line num="10" count="20" type="stmt"/>
        <line num="11" count="52" type="cond" truecount="2" falsecount="0"/>
        <line num="12" count="8" type="stmt"/>
        <line num="13" count="44" type="cond" truecount="2" falsecount="0"/>
        <line num="14" count="12" type="stmt"/>
        <line num="15" count="32" type="cond" truecount="4" falsecount="0"/>
        <line num="16" count="16" type="stmt"/>
        <line num="18" count="16" type="stmt"/>
        <line num="20" count="72" type="stmt"/>
      </file>
      <file name="gendiff.js" path="/Users/ilysalan/Desktop/backend-project-46/src/gendiff.js">
        <metrics statements="6" coveredstatements="6" conditionals="0" coveredconditionals="0" methods="1" coveredmethods="1"/>
        <line num="5" count="1" type="stmt"/>
        <line num="6" count="4" type="stmt"/>
        <line num="7" count="4" type="stmt"/>
        <line num="8" count="4" type="stmt"/>
        <line num="9" count="4" type="stmt"/>
        <line num="11" count="4" type="stmt"/>
      </file>
      <file name="parsers.js" path="/Users/ilysalan/Desktop/backend-project-46/src/parsers.js">
        <metrics statements="9" coveredstatements="9" conditionals="6" coveredconditionals="6" methods="1" coveredmethods="1"/>
        <line num="5" count="1" type="stmt"/>
        <line num="6" count="8" type="stmt"/>
        <line num="7" count="8" type="stmt"/>
        <line num="9" count="8" type="cond" truecount="4" falsecount="0"/>
        <line num="10" count="2" type="stmt"/>
        <line num="11" count="8" type="cond" truecount="2" falsecount="0"/>
        <line num="12" count="6" type="stmt"/>
        <line num="14" count="8" type="stmt"/>
        <line num="15" count="8" type="stmt"/>
      </file>
    </package>
    <package name="src.formatters">
      <metrics statements="52" coveredstatements="51" conditionals="25" coveredconditionals="23" methods="12" coveredmethods="12"/>
      <file name="index.js" path="/Users/ilysalan/Desktop/backend-project-46/src/formatters/index.js">
        <metrics statements="10" coveredstatements="9" conditionals="4" coveredconditionals="3" methods="1" coveredmethods="1"/>
        <line num="4" count="1" type="stmt"/>
        <line num="6" count="4" type="cond" truecount="3" falsecount="1"/>
        <line num="8" count="1" type="stmt"/>
        <line num="9" count="1" type="stmt"/>
        <line num="11" count="2" type="stmt"/>
        <line num="12" count="2" type="stmt"/>
        <line num="14" count="1" type="stmt"/>
        <line num="15" count="1" type="stmt"/>
        <line num="17" count="0" type="stmt"/>
        <line num="19" count="4" type="stmt"/>
      </file>
      <file name="plain.js" path="/Users/ilysalan/Desktop/backend-project-46/src/formatters/plain.js">
        <metrics statements="20" coveredstatements="20" conditionals="10" coveredconditionals="10" methods="6" coveredmethods="6"/>
        <line num="3" count="1" type="stmt"/>
        <line num="4" count="60" type="stmt"/>
        <line num="5" count="26" type="cond" truecount="2" falsecount="0"/>
        <line num="6" count="6" type="stmt"/>
        <line num="7" count="20" type="cond" truecount="2" falsecount="0"/>
        <line num="8" count="14" type="stmt"/>
        <line num="11" count="6" type="stmt"/>
        <line num="14" count="1" type="stmt"/>
        <line num="15" count="2" type="cond" truecount="1" falsecount="0"/>
        <line num="16" count="36" type="stmt"/>
        <line num="18" count="36" type="stmt"/>
        <line num="19" count="36" type="cond" truecount="5" falsecount="0"/>
        <line num="21" count="8" type="stmt"/>
        <line num="23" count="10" type="stmt"/>
        <line num="25" count="4" type="stmt"/>
        <line num="27" count="6" type="stmt"/>
        <line num="29" count="8" type="stmt"/>
        <line num="32" count="10" type="stmt"/>
        <line num="34" count="2" type="stmt"/>
        <line num="37" count="1" type="stmt"/>
      </file>
      <file name="stylish.js" path="/Users/ilysalan/Desktop/backend-project-46/src/formatters/stylish.js">
        <metrics statements="22" coveredstatements="22" conditionals="11" coveredconditionals="10" methods="5" coveredmethods="5"/>
        <line num="3" count="1" type="stmt"/>
        <line num="5" count="1" type="cond" truecount="0" falsecount="1"/>
        <line num="6" count="21" type="cond" truecount="2" falsecount="0"/>
        <line num="7" count="14" type="stmt"/>
        <line num="10" count="7" type="stmt"/>
        <line num="11" count="9" type="cond" truecount="2" falsecount="0"/>
        <line num="12" count="9" type="stmt"/>
        <line num="15" count="7" type="stmt"/>
        <line num="18" count="1" type="cond" truecount="1" falsecount="0"/>
        <line num="19" count="18" type="stmt"/>
        <line num="22" count="18" type="cond" truecount="5" falsecount="0"/>
        <line num="24" count="5" type="stmt"/>
        <line num="25" count="5" type="stmt"/>
        <line num="27" count="2" type="stmt"/>
        <line num="28" count="2" type="stmt"/>
        <line num="30" count="4" type="stmt"/>
        <line num="31" count="4" type="stmt"/>
        <line num="33" count="3" type="stmt"/>
        <line num="34" count="3" type="stmt"/>
        <line num="36" count="4" type="stmt"/>
        <line num="38" count="18" type="stmt"/>
        <line num="41" count="5" type="stmt"/>
      </file>
    </package>
  </project>
</coverage>
