{"/Users/ilysalan/Desktop/backend-project-46/src/diffObjectGenerate.js": {"path":"/Users/ilysalan/Desktop/backend-project-46/src/diffObjectGenerate.js","statementMap":{"0":{"start":{"line":3,"column":21},"end":{"line":22,"column":1}},"1":{"start":{"line":4,"column":16},"end":{"line":4,"column":34}},"2":{"start":{"line":5,"column":16},"end":{"line":5,"column":34}},"3":{"start":{"line":6,"column":15},"end":{"line":6,"column":36}},"4":{"start":{"line":8,"column":2},"end":{"line":21,"column":9}},"5":{"start":{"line":9,"column":4},"end":{"line":19,"column":5}},"6":{"start":{"line":10,"column":6},"end":{"line":10,"column":25}},"7":{"start":{"line":11,"column":11},"end":{"line":19,"column":5}},"8":{"start":{"line":12,"column":6},"end":{"line":12,"column":27}},"9":{"start":{"line":13,"column":11},"end":{"line":19,"column":5}},"10":{"start":{"line":14,"column":6},"end":{"line":14,"column":29}},"11":{"start":{"line":15,"column":11},"end":{"line":19,"column":5}},"12":{"start":{"line":16,"column":6},"end":{"line":16,"column":54}},"13":{"start":{"line":18,"column":6},"end":{"line":18,"column":27}},"14":{"start":{"line":20,"column":4},"end":{"line":20,"column":15}}},"fnMap":{"0":{"name":"(anonymous_0)","decl":{"start":{"line":3,"column":21},"end":{"line":3,"column":22}},"loc":{"start":{"line":3,"column":39},"end":{"line":22,"column":1}},"line":3},"1":{"name":"(anonymous_1)","decl":{"start":{"line":8,"column":21},"end":{"line":8,"column":22}},"loc":{"start":{"line":8,"column":35},"end":{"line":21,"column":3}},"line":8}},"branchMap":{"0":{"loc":{"start":{"line":9,"column":4},"end":{"line":19,"column":5}},"type":"if","locations":[{"start":{"line":9,"column":4},"end":{"line":19,"column":5}},{"start":{"line":11,"column":11},"end":{"line":19,"column":5}}],"line":9},"1":{"loc":{"start":{"line":11,"column":11},"end":{"line":19,"column":5}},"type":"if","locations":[{"start":{"line":11,"column":11},"end":{"line":19,"column":5}},{"start":{"line":13,"column":11},"end":{"line":19,"column":5}}],"line":11},"2":{"loc":{"start":{"line":13,"column":11},"end":{"line":19,"column":5}},"type":"if","locations":[{"start":{"line":13,"column":11},"end":{"line":19,"column":5}},{"start":{"line":15,"column":11},"end":{"line":19,"column":5}}],"line":13},"3":{"loc":{"start":{"line":15,"column":11},"end":{"line":19,"column":5}},"type":"if","locations":[{"start":{"line":15,"column":11},"end":{"line":19,"column":5}},{"start":{"line":17,"column":11},"end":{"line":19,"column":5}}],"line":15},"4":{"loc":{"start":{"line":15,"column":15},"end":{"line":15,"column":75}},"type":"binary-expr","locations":[{"start":{"line":15,"column":15},"end":{"line":15,"column":43}},{"start":{"line":15,"column":47},"end":{"line":15,"column":75}}],"line":15}},"s":{"0":1,"1":20,"2":20,"3":20,"4":20,"5":72,"6":20,"7":52,"8":8,"9":44,"10":12,"11":32,"12":16,"13":16,"14":72},"f":{"0":20,"1":72},"b":{"0":[20,52],"1":[8,44],"2":[12,32],"3":[16,16],"4":[32,20]},"_coverageSchema":"1a1c01bbd47fc00a2c39e90264f33305004495a9","hash":"f5af0b2752ffdfb2a50f32840abd87d5a9096c3e"}
,"/Users/ilysalan/Desktop/backend-project-46/src/gendiff.js": {"path":"/Users/ilysalan/Desktop/backend-project-46/src/gendiff.js","statementMap":{"0":{"start":{"line":5,"column":16},"end":{"line":12,"column":1}},"1":{"start":{"line":6,"column":16},"end":{"line":6,"column":34}},"2":{"start":{"line":7,"column":16},"end":{"line":7,"column":34}},"3":{"start":{"line":8,"column":24},"end":{"line":8,"column":50}},"4":{"start":{"line":9,"column":24},"end":{"line":9,"column":81}},"5":{"start":{"line":11,"column":2},"end":{"line":11,"column":23}}},"fnMap":{"0":{"name":"(anonymous_0)","decl":{"start":{"line":5,"column":16},"end":{"line":5,"column":17}},"loc":{"start":{"line":5,"column":46},"end":{"line":12,"column":1}},"line":5}},"branchMap":{},"s":{"0":1,"1":4,"2":4,"3":4,"4":4,"5":4},"f":{"0":4},"b":{},"_coverageSchema":"1a1c01bbd47fc00a2c39e90264f33305004495a9","hash":"5a7e846eea2eed9bc2a4c5bc4a6b40b5237620f4"}
,"/Users/ilysalan/Desktop/backend-project-46/src/parsers.js": {"path":"/Users/ilysalan/Desktop/backend-project-46/src/parsers.js","statementMap":{"0":{"start":{"line":5,"column":20},"end":{"line":16,"column":1}},"1":{"start":{"line":6,"column":24},"end":{"line":6,"column":41}},"2":{"start":{"line":7,"column":15},"end":{"line":7,"column":37}},"3":{"start":{"line":9,"column":2},"end":{"line":11,"column":3}},"4":{"start":{"line":10,"column":4},"end":{"line":10,"column":24}},"5":{"start":{"line":11,"column":4},"end":{"line":13,"column":3}},"6":{"start":{"line":12,"column":4},"end":{"line":12,"column":30}},"7":{"start":{"line":14,"column":2},"end":{"line":14,"column":39}},"8":{"start":{"line":15,"column":2},"end":{"line":15,"column":16}}},"fnMap":{"0":{"name":"(anonymous_0)","decl":{"start":{"line":5,"column":20},"end":{"line":5,"column":21}},"loc":{"start":{"line":5,"column":34},"end":{"line":16,"column":1}},"line":5}},"branchMap":{"0":{"loc":{"start":{"line":9,"column":2},"end":{"line":11,"column":3}},"type":"if","locations":[{"start":{"line":9,"column":2},"end":{"line":11,"column":3}},{"start":{},"end":{}}],"line":9},"1":{"loc":{"start":{"line":9,"column":6},"end":{"line":9,"column":59}},"type":"binary-expr","locations":[{"start":{"line":9,"column":6},"end":{"line":9,"column":31}},{"start":{"line":9,"column":35},"end":{"line":9,"column":59}}],"line":9},"2":{"loc":{"start":{"line":11,"column":4},"end":{"line":13,"column":3}},"type":"if","locations":[{"start":{"line":11,"column":4},"end":{"line":13,"column":3}},{"start":{},"end":{}}],"line":11}},"s":{"0":1,"1":8,"2":8,"3":8,"4":2,"5":8,"6":6,"7":8,"8":8},"f":{"0":8},"b":{"0":[2,6],"1":[8,6],"2":[6,2]},"_coverageSchema":"1a1c01bbd47fc00a2c39e90264f33305004495a9","hash":"07db5a224c0c573cfcf30c853be1637abc4218ff"}
,"/Users/ilysalan/Desktop/backend-project-46/src/formatters/index.js": {"path":"/Users/ilysalan/Desktop/backend-project-46/src/formatters/index.js","statementMap":{"0":{"start":{"line":4,"column":25},"end":{"line":20,"column":1}},"1":{"start":{"line":6,"column":2},"end":{"line":18,"column":3}},"2":{"start":{"line":8,"column":6},"end":{"line":8,"column":60}},"3":{"start":{"line":9,"column":6},"end":{"line":9,"column":12}},"4":{"start":{"line":11,"column":6},"end":{"line":11,"column":56}},"5":{"start":{"line":12,"column":6},"end":{"line":12,"column":12}},"6":{"start":{"line":14,"column":6},"end":{"line":14,"column":45}},"7":{"start":{"line":15,"column":6},"end":{"line":15,"column":12}},"8":{"start":{"line":17,"column":6},"end":{"line":17,"column":53}},"9":{"start":{"line":19,"column":2},"end":{"line":19,"column":16}}},"fnMap":{"0":{"name":"(anonymous_0)","decl":{"start":{"line":4,"column":25},"end":{"line":4,"column":26}},"loc":{"start":{"line":4,"column":70},"end":{"line":20,"column":1}},"line":4}},"branchMap":{"0":{"loc":{"start":{"line":6,"column":2},"end":{"line":18,"column":3}},"type":"switch","locations":[{"start":{"line":7,"column":4},"end":{"line":9,"column":12}},{"start":{"line":10,"column":4},"end":{"line":12,"column":12}},{"start":{"line":13,"column":4},"end":{"line":15,"column":12}},{"start":{"line":16,"column":4},"end":{"line":17,"column":53}}],"line":6}},"s":{"0":1,"1":4,"2":1,"3":1,"4":2,"5":2,"6":1,"7":1,"8":0,"9":4},"f":{"0":4},"b":{"0":[1,2,1,0]},"_coverageSchema":"1a1c01bbd47fc00a2c39e90264f33305004495a9","hash":"06c8ef639f8b35f4ec88b8ab2f82b84ac36237d6"}
,"/Users/ilysalan/Desktop/backend-project-46/src/formatters/plain.js": {"path":"/Users/ilysalan/Desktop/backend-project-46/src/formatters/plain.js","statementMap":{"0":{"start":{"line":3,"column":25},"end":{"line":12,"column":1}},"1":{"start":{"line":4,"column":16},"end":{"line":4,"column":59}},"2":{"start":{"line":4,"column":42},"end":{"line":4,"column":50}},"3":{"start":{"line":5,"column":2},"end":{"line":7,"column":3}},"4":{"start":{"line":6,"column":4},"end":{"line":6,"column":29}},"5":{"start":{"line":7,"column":4},"end":{"line":9,"column":3}},"6":{"start":{"line":8,"column":4},"end":{"line":8,"column":24}},"7":{"start":{"line":11,"column":2},"end":{"line":11,"column":15}},"8":{"start":{"line":14,"column":15},"end":{"line":35,"column":1}},"9":{"start":{"line":15,"column":25},"end":{"line":33,"column":3}},"10":{"start":{"line":16,"column":19},"end":{"line":31,"column":8}},"11":{"start":{"line":16,"column":71},"end":{"line":16,"column":74}},"12":{"start":{"line":18,"column":31},"end":{"line":18,"column":48}},"13":{"start":{"line":19,"column":8},"end":{"line":30,"column":9}},"14":{"start":{"line":21,"column":12},"end":{"line":21,"column":167}},"15":{"start":{"line":23,"column":12},"end":{"line":23,"column":125}},"16":{"start":{"line":25,"column":12},"end":{"line":25,"column":72}},"17":{"start":{"line":27,"column":12},"end":{"line":27,"column":22}},"18":{"start":{"line":29,"column":12},"end":{"line":29,"column":71}},"19":{"start":{"line":32,"column":4},"end":{"line":32,"column":18}},"20":{"start":{"line":34,"column":2},"end":{"line":34,"column":50}},"21":{"start":{"line":37,"column":0},"end":{"line":37,"column":14}}},"fnMap":{"0":{"name":"(anonymous_0)","decl":{"start":{"line":3,"column":25},"end":{"line":3,"column":26}},"loc":{"start":{"line":3,"column":43},"end":{"line":12,"column":1}},"line":3},"1":{"name":"(anonymous_1)","decl":{"start":{"line":4,"column":28},"end":{"line":4,"column":29}},"loc":{"start":{"line":4,"column":42},"end":{"line":4,"column":50}},"line":4},"2":{"name":"(anonymous_2)","decl":{"start":{"line":14,"column":15},"end":{"line":14,"column":16}},"loc":{"start":{"line":14,"column":48},"end":{"line":35,"column":1}},"line":14},"3":{"name":"(anonymous_3)","decl":{"start":{"line":15,"column":25},"end":{"line":15,"column":26}},"loc":{"start":{"line":15,"column":59},"end":{"line":33,"column":3}},"line":15},"4":{"name":"(anonymous_4)","decl":{"start":{"line":16,"column":60},"end":{"line":16,"column":61}},"loc":{"start":{"line":16,"column":71},"end":{"line":16,"column":74}},"line":16},"5":{"name":"(anonymous_5)","decl":{"start":{"line":17,"column":15},"end":{"line":17,"column":16}},"loc":{"start":{"line":17,"column":33},"end":{"line":31,"column":7}},"line":17}},"branchMap":{"0":{"loc":{"start":{"line":5,"column":2},"end":{"line":7,"column":3}},"type":"if","locations":[{"start":{"line":5,"column":2},"end":{"line":7,"column":3}},{"start":{},"end":{}}],"line":5},"1":{"loc":{"start":{"line":7,"column":4},"end":{"line":9,"column":3}},"type":"if","locations":[{"start":{"line":7,"column":4},"end":{"line":9,"column":3}},{"start":{},"end":{}}],"line":7},"2":{"loc":{"start":{"line":15,"column":42},"end":{"line":15,"column":54}},"type":"default-arg","locations":[{"start":{"line":15,"column":52},"end":{"line":15,"column":54}}],"line":15},"3":{"loc":{"start":{"line":19,"column":8},"end":{"line":30,"column":9}},"type":"switch","locations":[{"start":{"line":20,"column":10},"end":{"line":21,"column":167}},{"start":{"line":22,"column":10},"end":{"line":23,"column":125}},{"start":{"line":24,"column":10},"end":{"line":25,"column":72}},{"start":{"line":26,"column":10},"end":{"line":27,"column":22}},{"start":{"line":28,"column":10},"end":{"line":29,"column":71}}],"line":19}},"s":{"0":1,"1":26,"2":60,"3":26,"4":6,"5":20,"6":14,"7":6,"8":1,"9":2,"10":10,"11":36,"12":36,"13":36,"14":8,"15":10,"16":4,"17":6,"18":8,"19":10,"20":2,"21":1},"f":{"0":26,"1":60,"2":2,"3":10,"4":36,"5":36},"b":{"0":[6,20],"1":[14,6],"2":[2],"3":[8,10,4,6,8]},"_coverageSchema":"1a1c01bbd47fc00a2c39e90264f33305004495a9","hash":"7185b639093c14956f22acc03a635d58f5613d92"}
,"/Users/ilysalan/Desktop/backend-project-46/src/formatters/stylish.js": {"path":"/Users/ilysalan/Desktop/backend-project-46/src/formatters/stylish.js","statementMap":{"0":{"start":{"line":3,"column":12},"end":{"line":3,"column":18}},"1":{"start":{"line":5,"column":23},"end":{"line":16,"column":1}},"2":{"start":{"line":6,"column":2},"end":{"line":8,"column":3}},"3":{"start":{"line":7,"column":4},"end":{"line":7,"column":21}},"4":{"start":{"line":10,"column":17},"end":{"line":13,"column":8}},"5":{"start":{"line":11,"column":21},"end":{"line":11,"column":89}},"6":{"start":{"line":12,"column":4},"end":{"line":12,"column":65}},"7":{"start":{"line":15,"column":2},"end":{"line":15,"column":45}},"8":{"start":{"line":18,"column":15},"end":{"line":42,"column":1}},"9":{"start":{"line":19,"column":17},"end":{"line":39,"column":10}},"10":{"start":{"line":19,"column":68},"end":{"line":19,"column":71}},"11":{"start":{"line":22,"column":6},"end":{"line":37,"column":7}},"12":{"start":{"line":24,"column":10},"end":{"line":24,"column":99}},"13":{"start":{"line":25,"column":10},"end":{"line":25,"column":16}},"14":{"start":{"line":27,"column":10},"end":{"line":27,"column":99}},"15":{"start":{"line":28,"column":10},"end":{"line":28,"column":16}},"16":{"start":{"line":30,"column":10},"end":{"line":30,"column":173}},"17":{"start":{"line":31,"column":10},"end":{"line":31,"column":16}},"18":{"start":{"line":33,"column":10},"end":{"line":33,"column":99}},"19":{"start":{"line":34,"column":10},"end":{"line":34,"column":16}},"20":{"start":{"line":36,"column":10},"end":{"line":36,"column":121}},"21":{"start":{"line":38,"column":6},"end":{"line":38,"column":17}},"22":{"start":{"line":41,"column":2},"end":{"line":41,"column":47}}},"fnMap":{"0":{"name":"(anonymous_0)","decl":{"start":{"line":5,"column":23},"end":{"line":5,"column":24}},"loc":{"start":{"line":5,"column":44},"end":{"line":16,"column":1}},"line":5},"1":{"name":"(anonymous_1)","decl":{"start":{"line":10,"column":45},"end":{"line":10,"column":46}},"loc":{"start":{"line":10,"column":68},"end":{"line":13,"column":3}},"line":10},"2":{"name":"(anonymous_2)","decl":{"start":{"line":18,"column":15},"end":{"line":18,"column":16}},"loc":{"start":{"line":18,"column":59},"end":{"line":42,"column":1}},"line":18},"3":{"name":"(anonymous_3)","decl":{"start":{"line":19,"column":57},"end":{"line":19,"column":58}},"loc":{"start":{"line":19,"column":68},"end":{"line":19,"column":71}},"line":19},"4":{"name":"(anonymous_4)","decl":{"start":{"line":20,"column":12},"end":{"line":20,"column":13}},"loc":{"start":{"line":20,"column":35},"end":{"line":39,"column":5}},"line":20}},"branchMap":{"0":{"loc":{"start":{"line":5,"column":30},"end":{"line":5,"column":39}},"type":"default-arg","locations":[{"start":{"line":5,"column":38},"end":{"line":5,"column":39}}],"line":5},"1":{"loc":{"start":{"line":6,"column":2},"end":{"line":8,"column":3}},"type":"if","locations":[{"start":{"line":6,"column":2},"end":{"line":8,"column":3}},{"start":{},"end":{}}],"line":6},"2":{"loc":{"start":{"line":11,"column":21},"end":{"line":11,"column":89}},"type":"cond-expr","locations":[{"start":{"line":11,"column":49},"end":{"line":11,"column":81}},{"start":{"line":11,"column":84},"end":{"line":11,"column":89}}],"line":11},"3":{"loc":{"start":{"line":18,"column":45},"end":{"line":18,"column":54}},"type":"default-arg","locations":[{"start":{"line":18,"column":53},"end":{"line":18,"column":54}}],"line":18},"4":{"loc":{"start":{"line":22,"column":6},"end":{"line":37,"column":7}},"type":"switch","locations":[{"start":{"line":23,"column":8},"end":{"line":25,"column":16}},{"start":{"line":26,"column":8},"end":{"line":28,"column":16}},{"start":{"line":29,"column":8},"end":{"line":31,"column":16}},{"start":{"line":32,"column":8},"end":{"line":34,"column":16}},{"start":{"line":35,"column":8},"end":{"line":36,"column":121}}],"line":22}},"s":{"0":1,"1":1,"2":21,"3":14,"4":7,"5":9,"6":9,"7":7,"8":1,"9":5,"10":18,"11":18,"12":5,"13":5,"14":2,"15":2,"16":4,"17":4,"18":3,"19":3,"20":4,"21":18,"22":5},"f":{"0":21,"1":9,"2":5,"3":18,"4":18},"b":{"0":[0],"1":[14,7],"2":[3,6],"3":[1],"4":[5,2,4,3,4]},"_coverageSchema":"1a1c01bbd47fc00a2c39e90264f33305004495a9","hash":"32a892cbaa1f2fdb138dd366f1aa97fbf8f3b9c0"}
}
