TN:
SF:src/diffObjectGenerate.js
FN:3,(anonymous_0)
FN:8,(anonymous_1)
FNF:2
FNH:2
FNDA:20,(anonymous_0)
FNDA:72,(anonymous_1)
DA:3,1
DA:4,20
DA:5,20
DA:6,20
DA:8,20
DA:9,72
DA:10,20
DA:11,52
DA:12,8
DA:13,44
DA:14,12
DA:15,32
DA:16,16
DA:18,16
DA:20,72
LF:15
LH:15
BRDA:9,0,0,20
BRDA:9,0,1,52
BRDA:11,1,0,8
BRDA:11,1,1,44
BRDA:13,2,0,12
BRDA:13,2,1,32
BRDA:15,3,0,16
BRDA:15,3,1,16
BRDA:15,4,0,32
BRDA:15,4,1,20
BRF:10
BRH:10
end_of_record
TN:
SF:src/gendiff.js
FN:5,(anonymous_0)
FNF:1
FNH:1
FNDA:4,(anonymous_0)
DA:5,1
DA:6,4
DA:7,4
DA:8,4
DA:9,4
DA:11,4
LF:6
LH:6
BRF:0
BRH:0
end_of_record
TN:
SF:src/parsers.js
FN:5,(anonymous_0)
FNF:1
FNH:1
FNDA:8,(anonymous_0)
DA:5,1
DA:6,8
DA:7,8
DA:9,8
DA:10,2
DA:11,8
DA:12,6
DA:14,8
DA:15,8
LF:9
LH:9
BRDA:9,0,0,2
BRDA:9,0,1,6
BRDA:9,1,0,8
BRDA:9,1,1,6
BRDA:11,2,0,6
BRDA:11,2,1,2
BRF:6
BRH:6
end_of_record
TN:
SF:src/formatters/index.js
FN:4,(anonymous_0)
FNF:1
FNH:1
FNDA:4,(anonymous_0)
DA:4,1
DA:6,4
DA:8,1
DA:9,1
DA:11,2
DA:12,2
DA:14,1
DA:15,1
DA:17,0
DA:19,4
LF:10
LH:9
BRDA:6,0,0,1
BRDA:6,0,1,2
BRDA:6,0,2,1
BRDA:6,0,3,0
BRF:4
BRH:3
end_of_record
TN:
SF:src/formatters/plain.js
FN:3,(anonymous_0)
FN:4,(anonymous_1)
FN:14,(anonymous_2)
FN:15,(anonymous_3)
FN:16,(anonymous_4)
FN:17,(anonymous_5)
FNF:6
FNH:6
FNDA:26,(anonymous_0)
FNDA:60,(anonymous_1)
FNDA:2,(anonymous_2)
FNDA:10,(anonymous_3)
FNDA:36,(anonymous_4)
FNDA:36,(anonymous_5)
DA:3,1
DA:4,60
DA:5,26
DA:6,6
DA:7,20
DA:8,14
DA:11,6
DA:14,1
DA:15,2
DA:16,36
DA:18,36
DA:19,36
DA:21,8
DA:23,10
DA:25,4
DA:27,6
DA:29,8
DA:32,10
DA:34,2
DA:37,1
LF:20
LH:20
BRDA:5,0,0,6
BRDA:5,0,1,20
BRDA:7,1,0,14
BRDA:7,1,1,6
BRDA:15,2,0,2
BRDA:19,3,0,8
BRDA:19,3,1,10
BRDA:19,3,2,4
BRDA:19,3,3,6
BRDA:19,3,4,8
BRF:10
BRH:10
end_of_record
TN:
SF:src/formatters/stylish.js
FN:5,(anonymous_0)
FN:10,(anonymous_1)
FN:18,(anonymous_2)
FN:19,(anonymous_3)
FN:20,(anonymous_4)
FNF:5
FNH:5
FNDA:21,(anonymous_0)
FNDA:9,(anonymous_1)
FNDA:5,(anonymous_2)
FNDA:18,(anonymous_3)
FNDA:18,(anonymous_4)
DA:3,1
DA:5,1
DA:6,21
DA:7,14
DA:10,7
DA:11,9
DA:12,9
DA:15,7
DA:18,1
DA:19,18
DA:22,18
DA:24,5
DA:25,5
DA:27,2
DA:28,2
DA:30,4
DA:31,4
DA:33,3
DA:34,3
DA:36,4
DA:38,18
DA:41,5
LF:22
LH:22
BRDA:5,0,0,0
BRDA:6,1,0,14
BRDA:6,1,1,7
BRDA:11,2,0,3
BRDA:11,2,1,6
BRDA:18,3,0,1
BRDA:22,4,0,5
BRDA:22,4,1,2
BRDA:22,4,2,4
BRDA:22,4,3,3
BRDA:22,4,4,4
BRF:11
BRH:10
end_of_record
